[2025-06-04 10:53:09.241] INFO  [main] o.a.c.h.Http11NioProtocol - Initializing ProtocolHandler ["http-nio-8080"]
[2025-06-04 10:53:09.247] INFO  [main] o.a.c.c.StandardService - Starting service [Tomcat]
[2025-06-04 10:53:09.248] INFO  [main] o.a.c.c.StandardEngine - Starting Servlet engine: [Apache Tomcat/10.1.41]
[2025-06-04 10:53:09.274] INFO  [main] o.a.c.c.C.[.[.[/] - Initializing Spring embedded WebApplicationContext
[2025-06-04 10:53:09.374] INFO  [main] o.h.j.i.u.LogHelper - HHH000204: Processing PersistenceUnitInfo [name: default]
[2025-06-04 10:53:09.402] INFO  [main] o.h.Version - HHH000412: Hibernate ORM core version 6.6.15.Final
[2025-06-04 10:53:09.419] INFO  [main] o.h.c.i.RegionFactoryInitiator - HHH000026: Second-level cache disabled
[2025-06-04 10:53:09.608] INFO  [main] c.z.h.HikariDataSource - HikariPool-1 - Starting...
[2025-06-04 10:53:09.708] INFO  [main] c.z.h.p.HikariPool - HikariPool-1 - Added connection com.mysql.cj.jdbc.ConnectionImpl@112530c3
[2025-06-04 10:53:09.709] INFO  [main] c.z.h.HikariDataSource - HikariPool-1 - Start completed.
[2025-06-04 10:53:09.736] WARN  [main] o.h.o.deprecation - HHH90000025: MySQL8Dialect does not need to be specified explicitly using 'hibernate.dialect' (remove the property setting and it will be selected by default)
[2025-06-04 10:53:09.737] WARN  [main] o.h.o.deprecation - HHH90000026: MySQL8Dialect has been deprecated; use org.hibernate.dialect.MySQLDialect instead
[2025-06-04 10:53:09.747] INFO  [main] o.h.o.c.pooling - HHH10001005: Database info:
	Database JDBC URL [Connecting through datasource 'HikariDataSource (HikariPool-1)']
	Database driver: undefined/unknown
	Database version: 8.0
	Autocommit mode: undefined/unknown
	Isolation level: undefined/unknown
	Minimum pool size: undefined/unknown
	Maximum pool size: undefined/unknown
[2025-06-04 10:53:10.163] INFO  [main] o.h.e.t.j.p.i.JtaPlatformInitiator - HHH000489: No JTA platform available (set 'hibernate.transaction.jta.platform' to enable JTA platform integration)
[2025-06-04 10:53:10.265] WARN  [main] o.s.b.a.o.j.JpaBaseConfiguration$JpaWebConfiguration - spring.jpa.open-in-view is enabled by default. Therefore, database queries may be performed during view rendering. Explicitly configure spring.jpa.open-in-view to disable this warning
[2025-06-04 10:53:10.646] INFO  [main] o.a.c.h.Http11NioProtocol - Starting ProtocolHandler ["http-nio-8080"]
[2025-06-04 10:53:25.535] INFO  [http-nio-8080-exec-1] o.a.c.c.C.[.[.[/] - Initializing Spring DispatcherServlet 'dispatcherServlet'
[2025-06-04 10:56:09.271] INFO  [SpringApplicationShutdownHook] c.z.h.HikariDataSource - HikariPool-1 - Shutdown initiated...
[2025-06-04 10:56:09.278] INFO  [SpringApplicationShutdownHook] c.z.h.HikariDataSource - HikariPool-1 - Shutdown completed.
[2025-06-04 10:56:16.535] INFO  [main] o.a.c.h.Http11NioProtocol - Initializing ProtocolHandler ["http-nio-8080"]
[2025-06-04 10:56:16.537] INFO  [main] o.a.c.c.StandardService - Starting service [Tomcat]
[2025-06-04 10:56:16.537] INFO  [main] o.a.c.c.StandardEngine - Starting Servlet engine: [Apache Tomcat/10.1.41]
[2025-06-04 10:56:16.565] INFO  [main] o.a.c.c.C.[.[.[/] - Initializing Spring embedded WebApplicationContext
[2025-06-04 10:56:16.662] INFO  [main] o.h.j.i.u.LogHelper - HHH000204: Processing PersistenceUnitInfo [name: default]
[2025-06-04 10:56:16.685] INFO  [main] o.h.Version - HHH000412: Hibernate ORM core version 6.6.15.Final
[2025-06-04 10:56:16.700] INFO  [main] o.h.c.i.RegionFactoryInitiator - HHH000026: Second-level cache disabled
[2025-06-04 10:56:16.840] INFO  [main] c.z.h.HikariDataSource - HikariPool-1 - Starting...
[2025-06-04 10:56:16.931] INFO  [main] c.z.h.p.HikariPool - HikariPool-1 - Added connection com.mysql.cj.jdbc.ConnectionImpl@39c5a105
[2025-06-04 10:56:16.931] INFO  [main] c.z.h.HikariDataSource - HikariPool-1 - Start completed.
[2025-06-04 10:56:16.970] WARN  [main] o.h.o.deprecation - HHH90000025: MySQL8Dialect does not need to be specified explicitly using 'hibernate.dialect' (remove the property setting and it will be selected by default)
[2025-06-04 10:56:16.971] WARN  [main] o.h.o.deprecation - HHH90000026: MySQL8Dialect has been deprecated; use org.hibernate.dialect.MySQLDialect instead
[2025-06-04 10:56:16.981] INFO  [main] o.h.o.c.pooling - HHH10001005: Database info:
	Database JDBC URL [Connecting through datasource 'HikariDataSource (HikariPool-1)']
	Database driver: undefined/unknown
	Database version: 8.0
	Autocommit mode: undefined/unknown
	Isolation level: undefined/unknown
	Minimum pool size: undefined/unknown
	Maximum pool size: undefined/unknown
[2025-06-04 10:56:17.376] INFO  [main] o.h.e.t.j.p.i.JtaPlatformInitiator - HHH000489: No JTA platform available (set 'hibernate.transaction.jta.platform' to enable JTA platform integration)
[2025-06-04 10:56:17.478] WARN  [main] o.s.b.a.o.j.JpaBaseConfiguration$JpaWebConfiguration - spring.jpa.open-in-view is enabled by default. Therefore, database queries may be performed during view rendering. Explicitly configure spring.jpa.open-in-view to disable this warning
[2025-06-04 10:56:17.853] INFO  [main] o.a.c.h.Http11NioProtocol - Starting ProtocolHandler ["http-nio-8080"]
[2025-06-04 10:56:19.184] INFO  [http-nio-8080-exec-1] o.a.c.c.C.[.[.[/] - Initializing Spring DispatcherServlet 'dispatcherServlet'
[2025-06-04 10:56:54.230] INFO  [SpringApplicationShutdownHook] c.z.h.HikariDataSource - HikariPool-1 - Shutdown initiated...
[2025-06-04 10:56:54.233] INFO  [SpringApplicationShutdownHook] c.z.h.HikariDataSource - HikariPool-1 - Shutdown completed.
[2025-06-04 10:57:01.307] INFO  [main] o.a.c.h.Http11NioProtocol - Initializing ProtocolHandler ["http-nio-8080"]
[2025-06-04 10:57:01.308] INFO  [main] o.a.c.c.StandardService - Starting service [Tomcat]
[2025-06-04 10:57:01.309] INFO  [main] o.a.c.c.StandardEngine - Starting Servlet engine: [Apache Tomcat/10.1.41]
[2025-06-04 10:57:01.332] INFO  [main] o.a.c.c.C.[.[.[/] - Initializing Spring embedded WebApplicationContext
[2025-06-04 10:57:01.418] INFO  [main] o.h.j.i.u.LogHelper - HHH000204: Processing PersistenceUnitInfo [name: default]
[2025-06-04 10:57:01.440] INFO  [main] o.h.Version - HHH000412: Hibernate ORM core version 6.6.15.Final
[2025-06-04 10:57:01.454] INFO  [main] o.h.c.i.RegionFactoryInitiator - HHH000026: Second-level cache disabled
[2025-06-04 10:57:01.594] INFO  [main] c.z.h.HikariDataSource - HikariPool-1 - Starting...
[2025-06-04 10:57:01.676] INFO  [main] c.z.h.p.HikariPool - HikariPool-1 - Added connection com.mysql.cj.jdbc.ConnectionImpl@5f5a33ed
[2025-06-04 10:57:01.676] INFO  [main] c.z.h.HikariDataSource - HikariPool-1 - Start completed.
[2025-06-04 10:57:01.704] WARN  [main] o.h.o.deprecation - HHH90000025: MySQL8Dialect does not need to be specified explicitly using 'hibernate.dialect' (remove the property setting and it will be selected by default)
[2025-06-04 10:57:01.705] WARN  [main] o.h.o.deprecation - HHH90000026: MySQL8Dialect has been deprecated; use org.hibernate.dialect.MySQLDialect instead
[2025-06-04 10:57:01.714] INFO  [main] o.h.o.c.pooling - HHH10001005: Database info:
	Database JDBC URL [Connecting through datasource 'HikariDataSource (HikariPool-1)']
	Database driver: undefined/unknown
	Database version: 8.0
	Autocommit mode: undefined/unknown
	Isolation level: undefined/unknown
	Minimum pool size: undefined/unknown
	Maximum pool size: undefined/unknown
[2025-06-04 10:57:02.074] INFO  [main] o.h.e.t.j.p.i.JtaPlatformInitiator - HHH000489: No JTA platform available (set 'hibernate.transaction.jta.platform' to enable JTA platform integration)
[2025-06-04 10:57:02.160] WARN  [main] o.s.b.a.o.j.JpaBaseConfiguration$JpaWebConfiguration - spring.jpa.open-in-view is enabled by default. Therefore, database queries may be performed during view rendering. Explicitly configure spring.jpa.open-in-view to disable this warning
[2025-06-04 10:57:02.482] INFO  [main] o.a.c.h.Http11NioProtocol - Starting ProtocolHandler ["http-nio-8080"]
[2025-06-04 10:57:03.819] INFO  [http-nio-8080-exec-1] o.a.c.c.C.[.[.[/] - Initializing Spring DispatcherServlet 'dispatcherServlet'
[2025-06-04 10:58:23.082] INFO  [SpringApplicationShutdownHook] c.z.h.HikariDataSource - HikariPool-1 - Shutdown initiated...
[2025-06-04 10:58:23.085] INFO  [SpringApplicationShutdownHook] c.z.h.HikariDataSource - HikariPool-1 - Shutdown completed.
[2025-06-04 10:58:30.823] INFO  [main] o.a.c.h.Http11NioProtocol - Initializing ProtocolHandler ["http-nio-8080"]
[2025-06-04 10:58:30.824] INFO  [main] o.a.c.c.StandardService - Starting service [Tomcat]
[2025-06-04 10:58:30.824] INFO  [main] o.a.c.c.StandardEngine - Starting Servlet engine: [Apache Tomcat/10.1.41]
[2025-06-04 10:58:30.848] INFO  [main] o.a.c.c.C.[.[.[/] - Initializing Spring embedded WebApplicationContext
[2025-06-04 10:58:30.935] INFO  [main] o.h.j.i.u.LogHelper - HHH000204: Processing PersistenceUnitInfo [name: default]
[2025-06-04 10:58:30.959] INFO  [main] o.h.Version - HHH000412: Hibernate ORM core version 6.6.15.Final
[2025-06-04 10:58:30.973] INFO  [main] o.h.c.i.RegionFactoryInitiator - HHH000026: Second-level cache disabled
[2025-06-04 10:58:31.115] INFO  [main] c.z.h.HikariDataSource - HikariPool-1 - Starting...
[2025-06-04 10:58:31.202] INFO  [main] c.z.h.p.HikariPool - HikariPool-1 - Added connection com.mysql.cj.jdbc.ConnectionImpl@71ee2fff
[2025-06-04 10:58:31.203] INFO  [main] c.z.h.HikariDataSource - HikariPool-1 - Start completed.
[2025-06-04 10:58:31.231] WARN  [main] o.h.o.deprecation - HHH90000025: MySQL8Dialect does not need to be specified explicitly using 'hibernate.dialect' (remove the property setting and it will be selected by default)
[2025-06-04 10:58:31.232] WARN  [main] o.h.o.deprecation - HHH90000026: MySQL8Dialect has been deprecated; use org.hibernate.dialect.MySQLDialect instead
[2025-06-04 10:58:31.240] INFO  [main] o.h.o.c.pooling - HHH10001005: Database info:
	Database JDBC URL [Connecting through datasource 'HikariDataSource (HikariPool-1)']
	Database driver: undefined/unknown
	Database version: 8.0
	Autocommit mode: undefined/unknown
	Isolation level: undefined/unknown
	Minimum pool size: undefined/unknown
	Maximum pool size: undefined/unknown
[2025-06-04 10:58:31.640] INFO  [main] o.h.e.t.j.p.i.JtaPlatformInitiator - HHH000489: No JTA platform available (set 'hibernate.transaction.jta.platform' to enable JTA platform integration)
[2025-06-04 10:58:31.743] WARN  [main] o.s.b.a.o.j.JpaBaseConfiguration$JpaWebConfiguration - spring.jpa.open-in-view is enabled by default. Therefore, database queries may be performed during view rendering. Explicitly configure spring.jpa.open-in-view to disable this warning
[2025-06-04 10:58:32.108] INFO  [main] o.a.c.h.Http11NioProtocol - Starting ProtocolHandler ["http-nio-8080"]
[2025-06-04 10:58:33.893] INFO  [http-nio-8080-exec-1] o.a.c.c.C.[.[.[/] - Initializing Spring DispatcherServlet 'dispatcherServlet'
[2025-06-04 10:58:59.048] INFO  [SpringApplicationShutdownHook] c.z.h.HikariDataSource - HikariPool-1 - Shutdown initiated...
[2025-06-04 10:58:59.052] INFO  [SpringApplicationShutdownHook] c.z.h.HikariDataSource - HikariPool-1 - Shutdown completed.
[2025-06-04 10:59:06.745] INFO  [main] o.a.c.h.Http11NioProtocol - Initializing ProtocolHandler ["http-nio-8080"]
[2025-06-04 10:59:06.746] INFO  [main] o.a.c.c.StandardService - Starting service [Tomcat]
[2025-06-04 10:59:06.747] INFO  [main] o.a.c.c.StandardEngine - Starting Servlet engine: [Apache Tomcat/10.1.41]
[2025-06-04 10:59:06.771] INFO  [main] o.a.c.c.C.[.[.[/] - Initializing Spring embedded WebApplicationContext
[2025-06-04 10:59:06.865] INFO  [main] o.h.j.i.u.LogHelper - HHH000204: Processing PersistenceUnitInfo [name: default]
[2025-06-04 10:59:06.892] INFO  [main] o.h.Version - HHH000412: Hibernate ORM core version 6.6.15.Final
[2025-06-04 10:59:06.909] INFO  [main] o.h.c.i.RegionFactoryInitiator - HHH000026: Second-level cache disabled
[2025-06-04 10:59:07.049] INFO  [main] c.z.h.HikariDataSource - HikariPool-1 - Starting...
[2025-06-04 10:59:07.133] INFO  [main] c.z.h.p.HikariPool - HikariPool-1 - Added connection com.mysql.cj.jdbc.ConnectionImpl@eebc0db
[2025-06-04 10:59:07.136] INFO  [main] c.z.h.HikariDataSource - HikariPool-1 - Start completed.
[2025-06-04 10:59:07.165] WARN  [main] o.h.o.deprecation - HHH90000025: MySQL8Dialect does not need to be specified explicitly using 'hibernate.dialect' (remove the property setting and it will be selected by default)
[2025-06-04 10:59:07.165] WARN  [main] o.h.o.deprecation - HHH90000026: MySQL8Dialect has been deprecated; use org.hibernate.dialect.MySQLDialect instead
[2025-06-04 10:59:07.174] INFO  [main] o.h.o.c.pooling - HHH10001005: Database info:
	Database JDBC URL [Connecting through datasource 'HikariDataSource (HikariPool-1)']
	Database driver: undefined/unknown
	Database version: 8.0
	Autocommit mode: undefined/unknown
	Isolation level: undefined/unknown
	Minimum pool size: undefined/unknown
	Maximum pool size: undefined/unknown
[2025-06-04 10:59:07.552] INFO  [main] o.h.e.t.j.p.i.JtaPlatformInitiator - HHH000489: No JTA platform available (set 'hibernate.transaction.jta.platform' to enable JTA platform integration)
[2025-06-04 10:59:07.640] WARN  [main] o.s.b.a.o.j.JpaBaseConfiguration$JpaWebConfiguration - spring.jpa.open-in-view is enabled by default. Therefore, database queries may be performed during view rendering. Explicitly configure spring.jpa.open-in-view to disable this warning
[2025-06-04 10:59:07.984] INFO  [main] o.a.c.h.Http11NioProtocol - Starting ProtocolHandler ["http-nio-8080"]
[2025-06-04 10:59:24.761] INFO  [http-nio-8080-exec-1] o.a.c.c.C.[.[.[/] - Initializing Spring DispatcherServlet 'dispatcherServlet'
[2025-06-04 11:03:29.511] INFO  [SpringApplicationShutdownHook] c.z.h.HikariDataSource - HikariPool-1 - Shutdown initiated...
[2025-06-04 11:03:29.518] INFO  [SpringApplicationShutdownHook] c.z.h.HikariDataSource - HikariPool-1 - Shutdown completed.
[2025-06-04 11:03:37.418] INFO  [main] o.a.c.h.Http11NioProtocol - Initializing ProtocolHandler ["http-nio-8080"]
[2025-06-04 11:03:37.419] INFO  [main] o.a.c.c.StandardService - Starting service [Tomcat]
[2025-06-04 11:03:37.419] INFO  [main] o.a.c.c.StandardEngine - Starting Servlet engine: [Apache Tomcat/10.1.41]
[2025-06-04 11:03:37.443] INFO  [main] o.a.c.c.C.[.[.[/] - Initializing Spring embedded WebApplicationContext
[2025-06-04 11:03:37.533] INFO  [main] o.h.j.i.u.LogHelper - HHH000204: Processing PersistenceUnitInfo [name: default]
[2025-06-04 11:03:37.558] INFO  [main] o.h.Version - HHH000412: Hibernate ORM core version 6.6.15.Final
[2025-06-04 11:03:37.572] INFO  [main] o.h.c.i.RegionFactoryInitiator - HHH000026: Second-level cache disabled
[2025-06-04 11:03:37.714] INFO  [main] c.z.h.HikariDataSource - HikariPool-1 - Starting...
[2025-06-04 11:03:37.798] INFO  [main] c.z.h.p.HikariPool - HikariPool-1 - Added connection com.mysql.cj.jdbc.ConnectionImpl@39c5a105
[2025-06-04 11:03:37.798] INFO  [main] c.z.h.HikariDataSource - HikariPool-1 - Start completed.
[2025-06-04 11:03:37.831] WARN  [main] o.h.o.deprecation - HHH90000025: MySQL8Dialect does not need to be specified explicitly using 'hibernate.dialect' (remove the property setting and it will be selected by default)
[2025-06-04 11:03:37.831] WARN  [main] o.h.o.deprecation - HHH90000026: MySQL8Dialect has been deprecated; use org.hibernate.dialect.MySQLDialect instead
[2025-06-04 11:03:37.840] INFO  [main] o.h.o.c.pooling - HHH10001005: Database info:
	Database JDBC URL [Connecting through datasource 'HikariDataSource (HikariPool-1)']
	Database driver: undefined/unknown
	Database version: 8.0
	Autocommit mode: undefined/unknown
	Isolation level: undefined/unknown
	Minimum pool size: undefined/unknown
	Maximum pool size: undefined/unknown
[2025-06-04 11:03:38.218] INFO  [main] o.h.e.t.j.p.i.JtaPlatformInitiator - HHH000489: No JTA platform available (set 'hibernate.transaction.jta.platform' to enable JTA platform integration)
[2025-06-04 11:03:38.308] WARN  [main] o.s.b.a.o.j.JpaBaseConfiguration$JpaWebConfiguration - spring.jpa.open-in-view is enabled by default. Therefore, database queries may be performed during view rendering. Explicitly configure spring.jpa.open-in-view to disable this warning
[2025-06-04 11:03:38.651] INFO  [main] o.a.c.h.Http11NioProtocol - Starting ProtocolHandler ["http-nio-8080"]
[2025-06-04 11:03:40.653] INFO  [http-nio-8080-exec-1] o.a.c.c.C.[.[.[/] - Initializing Spring DispatcherServlet 'dispatcherServlet'
[2025-06-04 11:04:04.478] INFO  [SpringApplicationShutdownHook] c.z.h.HikariDataSource - HikariPool-1 - Shutdown initiated...
[2025-06-04 11:04:04.482] INFO  [SpringApplicationShutdownHook] c.z.h.HikariDataSource - HikariPool-1 - Shutdown completed.
[2025-06-04 11:04:11.573] INFO  [main] o.a.c.h.Http11NioProtocol - Initializing ProtocolHandler ["http-nio-8080"]
[2025-06-04 11:04:11.574] INFO  [main] o.a.c.c.StandardService - Starting service [Tomcat]
[2025-06-04 11:04:11.574] INFO  [main] o.a.c.c.StandardEngine - Starting Servlet engine: [Apache Tomcat/10.1.41]
[2025-06-04 11:04:11.599] INFO  [main] o.a.c.c.C.[.[.[/] - Initializing Spring embedded WebApplicationContext
[2025-06-04 11:04:11.698] INFO  [main] o.h.j.i.u.LogHelper - HHH000204: Processing PersistenceUnitInfo [name: default]
[2025-06-04 11:04:11.721] INFO  [main] o.h.Version - HHH000412: Hibernate ORM core version 6.6.15.Final
[2025-06-04 11:04:11.738] INFO  [main] o.h.c.i.RegionFactoryInitiator - HHH000026: Second-level cache disabled
[2025-06-04 11:04:11.880] INFO  [main] c.z.h.HikariDataSource - HikariPool-1 - Starting...
[2025-06-04 11:04:11.959] INFO  [main] c.z.h.p.HikariPool - HikariPool-1 - Added connection com.mysql.cj.jdbc.ConnectionImpl@1a3c4b3e
[2025-06-04 11:04:11.959] INFO  [main] c.z.h.HikariDataSource - HikariPool-1 - Start completed.
[2025-06-04 11:04:11.985] WARN  [main] o.h.o.deprecation - HHH90000025: MySQL8Dialect does not need to be specified explicitly using 'hibernate.dialect' (remove the property setting and it will be selected by default)
[2025-06-04 11:04:11.985] WARN  [main] o.h.o.deprecation - HHH90000026: MySQL8Dialect has been deprecated; use org.hibernate.dialect.MySQLDialect instead
[2025-06-04 11:04:11.994] INFO  [main] o.h.o.c.pooling - HHH10001005: Database info:
	Database JDBC URL [Connecting through datasource 'HikariDataSource (HikariPool-1)']
	Database driver: undefined/unknown
	Database version: 8.0
	Autocommit mode: undefined/unknown
	Isolation level: undefined/unknown
	Minimum pool size: undefined/unknown
	Maximum pool size: undefined/unknown
[2025-06-04 11:04:12.362] INFO  [main] o.h.e.t.j.p.i.JtaPlatformInitiator - HHH000489: No JTA platform available (set 'hibernate.transaction.jta.platform' to enable JTA platform integration)
[2025-06-04 11:04:12.448] WARN  [main] o.s.b.a.o.j.JpaBaseConfiguration$JpaWebConfiguration - spring.jpa.open-in-view is enabled by default. Therefore, database queries may be performed during view rendering. Explicitly configure spring.jpa.open-in-view to disable this warning
[2025-06-04 11:04:12.795] INFO  [main] o.a.c.h.Http11NioProtocol - Starting ProtocolHandler ["http-nio-8080"]
[2025-06-04 11:04:15.994] INFO  [http-nio-8080-exec-1] o.a.c.c.C.[.[.[/] - Initializing Spring DispatcherServlet 'dispatcherServlet'
[2025-06-04 11:05:55.602] INFO  [SpringApplicationShutdownHook] c.z.h.HikariDataSource - HikariPool-1 - Shutdown initiated...
[2025-06-04 11:05:55.608] INFO  [SpringApplicationShutdownHook] c.z.h.HikariDataSource - HikariPool-1 - Shutdown completed.
[2025-06-04 11:06:04.421] INFO  [main] o.a.c.h.Http11NioProtocol - Initializing ProtocolHandler ["http-nio-8080"]
[2025-06-04 11:06:04.422] INFO  [main] o.a.c.c.StandardService - Starting service [Tomcat]
[2025-06-04 11:06:04.422] INFO  [main] o.a.c.c.StandardEngine - Starting Servlet engine: [Apache Tomcat/10.1.41]
[2025-06-04 11:06:04.445] INFO  [main] o.a.c.c.C.[.[.[/] - Initializing Spring embedded WebApplicationContext
[2025-06-04 11:06:04.532] INFO  [main] o.h.j.i.u.LogHelper - HHH000204: Processing PersistenceUnitInfo [name: default]
[2025-06-04 11:06:04.556] INFO  [main] o.h.Version - HHH000412: Hibernate ORM core version 6.6.15.Final
[2025-06-04 11:06:04.570] INFO  [main] o.h.c.i.RegionFactoryInitiator - HHH000026: Second-level cache disabled
[2025-06-04 11:06:04.711] INFO  [main] c.z.h.HikariDataSource - HikariPool-1 - Starting...
[2025-06-04 11:06:04.793] INFO  [main] c.z.h.p.HikariPool - HikariPool-1 - Added connection com.mysql.cj.jdbc.ConnectionImpl@54a6ef6
[2025-06-04 11:06:04.794] INFO  [main] c.z.h.HikariDataSource - HikariPool-1 - Start completed.
[2025-06-04 11:06:04.821] WARN  [main] o.h.o.deprecation - HHH90000025: MySQL8Dialect does not need to be specified explicitly using 'hibernate.dialect' (remove the property setting and it will be selected by default)
[2025-06-04 11:06:04.821] WARN  [main] o.h.o.deprecation - HHH90000026: MySQL8Dialect has been deprecated; use org.hibernate.dialect.MySQLDialect instead
[2025-06-04 11:06:04.830] INFO  [main] o.h.o.c.pooling - HHH10001005: Database info:
	Database JDBC URL [Connecting through datasource 'HikariDataSource (HikariPool-1)']
	Database driver: undefined/unknown
	Database version: 8.0
	Autocommit mode: undefined/unknown
	Isolation level: undefined/unknown
	Minimum pool size: undefined/unknown
	Maximum pool size: undefined/unknown
[2025-06-04 11:06:05.187] INFO  [main] o.h.e.t.j.p.i.JtaPlatformInitiator - HHH000489: No JTA platform available (set 'hibernate.transaction.jta.platform' to enable JTA platform integration)
[2025-06-04 11:06:05.283] WARN  [main] o.s.b.a.o.j.JpaBaseConfiguration$JpaWebConfiguration - spring.jpa.open-in-view is enabled by default. Therefore, database queries may be performed during view rendering. Explicitly configure spring.jpa.open-in-view to disable this warning
[2025-06-04 11:06:05.624] INFO  [main] o.a.c.h.Http11NioProtocol - Starting ProtocolHandler ["http-nio-8080"]
[2025-06-04 11:06:08.015] INFO  [http-nio-8080-exec-1] o.a.c.c.C.[.[.[/] - Initializing Spring DispatcherServlet 'dispatcherServlet'
[2025-06-04 11:09:04.011] INFO  [SpringApplicationShutdownHook] c.z.h.HikariDataSource - HikariPool-1 - Shutdown initiated...
[2025-06-04 11:09:04.018] INFO  [SpringApplicationShutdownHook] c.z.h.HikariDataSource - HikariPool-1 - Shutdown completed.
[2025-06-04 11:09:11.631] INFO  [main] o.a.c.h.Http11NioProtocol - Initializing ProtocolHandler ["http-nio-8080"]
[2025-06-04 11:09:11.632] INFO  [main] o.a.c.c.StandardService - Starting service [Tomcat]
[2025-06-04 11:09:11.632] INFO  [main] o.a.c.c.StandardEngine - Starting Servlet engine: [Apache Tomcat/10.1.41]
[2025-06-04 11:09:11.656] INFO  [main] o.a.c.c.C.[.[.[/] - Initializing Spring embedded WebApplicationContext
[2025-06-04 11:09:11.743] INFO  [main] o.h.j.i.u.LogHelper - HHH000204: Processing PersistenceUnitInfo [name: default]
[2025-06-04 11:09:11.770] INFO  [main] o.h.Version - HHH000412: Hibernate ORM core version 6.6.15.Final
[2025-06-04 11:09:11.786] INFO  [main] o.h.c.i.RegionFactoryInitiator - HHH000026: Second-level cache disabled
[2025-06-04 11:09:11.927] INFO  [main] c.z.h.HikariDataSource - HikariPool-1 - Starting...
[2025-06-04 11:09:12.013] INFO  [main] c.z.h.p.HikariPool - HikariPool-1 - Added connection com.mysql.cj.jdbc.ConnectionImpl@4f2fdf3d
[2025-06-04 11:09:12.014] INFO  [main] c.z.h.HikariDataSource - HikariPool-1 - Start completed.
[2025-06-04 11:09:12.043] WARN  [main] o.h.o.deprecation - HHH90000025: MySQL8Dialect does not need to be specified explicitly using 'hibernate.dialect' (remove the property setting and it will be selected by default)
[2025-06-04 11:09:12.044] WARN  [main] o.h.o.deprecation - HHH90000026: MySQL8Dialect has been deprecated; use org.hibernate.dialect.MySQLDialect instead
[2025-06-04 11:09:12.053] INFO  [main] o.h.o.c.pooling - HHH10001005: Database info:
	Database JDBC URL [Connecting through datasource 'HikariDataSource (HikariPool-1)']
	Database driver: undefined/unknown
	Database version: 8.0
	Autocommit mode: undefined/unknown
	Isolation level: undefined/unknown
	Minimum pool size: undefined/unknown
	Maximum pool size: undefined/unknown
[2025-06-04 11:09:12.431] INFO  [main] o.h.e.t.j.p.i.JtaPlatformInitiator - HHH000489: No JTA platform available (set 'hibernate.transaction.jta.platform' to enable JTA platform integration)
[2025-06-04 11:09:12.526] WARN  [main] o.s.b.a.o.j.JpaBaseConfiguration$JpaWebConfiguration - spring.jpa.open-in-view is enabled by default. Therefore, database queries may be performed during view rendering. Explicitly configure spring.jpa.open-in-view to disable this warning
[2025-06-04 11:09:12.871] INFO  [main] o.a.c.h.Http11NioProtocol - Starting ProtocolHandler ["http-nio-8080"]
[2025-06-04 11:09:26.595] INFO  [SpringApplicationShutdownHook] c.z.h.HikariDataSource - HikariPool-1 - Shutdown initiated...
[2025-06-04 11:09:26.598] INFO  [SpringApplicationShutdownHook] c.z.h.HikariDataSource - HikariPool-1 - Shutdown completed.
[2025-06-04 11:09:34.372] INFO  [main] o.a.c.h.Http11NioProtocol - Initializing ProtocolHandler ["http-nio-8080"]
[2025-06-04 11:09:34.373] INFO  [main] o.a.c.c.StandardService - Starting service [Tomcat]
[2025-06-04 11:09:34.373] INFO  [main] o.a.c.c.StandardEngine - Starting Servlet engine: [Apache Tomcat/10.1.41]
[2025-06-04 11:09:34.396] INFO  [main] o.a.c.c.C.[.[.[/] - Initializing Spring embedded WebApplicationContext
[2025-06-04 11:09:34.485] INFO  [main] o.h.j.i.u.LogHelper - HHH000204: Processing PersistenceUnitInfo [name: default]
[2025-06-04 11:09:34.507] INFO  [main] o.h.Version - HHH000412: Hibernate ORM core version 6.6.15.Final
[2025-06-04 11:09:34.520] INFO  [main] o.h.c.i.RegionFactoryInitiator - HHH000026: Second-level cache disabled
[2025-06-04 11:09:34.662] INFO  [main] c.z.h.HikariDataSource - HikariPool-1 - Starting...
[2025-06-04 11:09:34.744] INFO  [main] c.z.h.p.HikariPool - HikariPool-1 - Added connection com.mysql.cj.jdbc.ConnectionImpl@1a3c4b3e
[2025-06-04 11:09:34.745] INFO  [main] c.z.h.HikariDataSource - HikariPool-1 - Start completed.
[2025-06-04 11:09:34.778] WARN  [main] o.h.o.deprecation - HHH90000025: MySQL8Dialect does not need to be specified explicitly using 'hibernate.dialect' (remove the property setting and it will be selected by default)
[2025-06-04 11:09:34.778] WARN  [main] o.h.o.deprecation - HHH90000026: MySQL8Dialect has been deprecated; use org.hibernate.dialect.MySQLDialect instead
[2025-06-04 11:09:34.787] INFO  [main] o.h.o.c.pooling - HHH10001005: Database info:
	Database JDBC URL [Connecting through datasource 'HikariDataSource (HikariPool-1)']
	Database driver: undefined/unknown
	Database version: 8.0
	Autocommit mode: undefined/unknown
	Isolation level: undefined/unknown
	Minimum pool size: undefined/unknown
	Maximum pool size: undefined/unknown
[2025-06-04 11:09:35.168] INFO  [main] o.h.e.t.j.p.i.JtaPlatformInitiator - HHH000489: No JTA platform available (set 'hibernate.transaction.jta.platform' to enable JTA platform integration)
[2025-06-04 11:09:35.211] WARN  [main] o.s.b.w.s.c.AnnotationConfigServletWebServerApplicationContext - Exception encountered during context initialization - cancelling refresh attempt: org.springframework.beans.factory.BeanCreationException: Error creating bean with name 'userApi' defined in class path resource [com/ez/crm/config/SwaggerConfig.class]: Failed to instantiate [org.springdoc.core.models.GroupedOpenApi]: Factory method 'userApi' threw exception with message: Group name can not be null or empty
[2025-06-04 11:09:35.212] INFO  [main] c.z.h.HikariDataSource - HikariPool-1 - Shutdown initiated...
[2025-06-04 11:09:35.234] INFO  [main] c.z.h.HikariDataSource - HikariPool-1 - Shutdown completed.
[2025-06-04 11:09:35.235] INFO  [main] o.a.c.c.StandardService - Stopping service [Tomcat]
[2025-06-04 11:09:35.253] ERROR [main] o.s.b.SpringApplication - Application run failed
org.springframework.beans.factory.BeanCreationException: Error creating bean with name 'userApi' defined in class path resource [com/ez/crm/config/SwaggerConfig.class]: Failed to instantiate [org.springdoc.core.models.GroupedOpenApi]: Factory method 'userApi' threw exception with message: Group name can not be null or empty
	at org.springframework.beans.factory.support.ConstructorResolver.instantiate(ConstructorResolver.java:657) ~[spring-beans-6.2.7.jar:6.2.7]
	at org.springframework.beans.factory.support.ConstructorResolver.instantiateUsingFactoryMethod(ConstructorResolver.java:489) ~[spring-beans-6.2.7.jar:6.2.7]
	at org.springframework.beans.factory.support.AbstractAutowireCapableBeanFactory.instantiateUsingFactoryMethod(AbstractAutowireCapableBeanFactory.java:1375) ~[spring-beans-6.2.7.jar:6.2.7]
	at org.springframework.beans.factory.support.AbstractAutowireCapableBeanFactory.createBeanInstance(AbstractAutowireCapableBeanFactory.java:1205) ~[spring-beans-6.2.7.jar:6.2.7]
	at org.springframework.beans.factory.support.AbstractAutowireCapableBeanFactory.doCreateBean(AbstractAutowireCapableBeanFactory.java:569) ~[spring-beans-6.2.7.jar:6.2.7]
	at org.springframework.beans.factory.support.AbstractAutowireCapableBeanFactory.createBean(AbstractAutowireCapableBeanFactory.java:529) ~[spring-beans-6.2.7.jar:6.2.7]
	at org.springframework.beans.factory.support.AbstractBeanFactory.lambda$doGetBean$0(AbstractBeanFactory.java:339) ~[spring-beans-6.2.7.jar:6.2.7]
	at org.springframework.beans.factory.support.DefaultSingletonBeanRegistry.getSingleton(DefaultSingletonBeanRegistry.java:373) ~[spring-beans-6.2.7.jar:6.2.7]
	at org.springframework.beans.factory.support.AbstractBeanFactory.doGetBean(AbstractBeanFactory.java:337) ~[spring-beans-6.2.7.jar:6.2.7]
	at org.springframework.beans.factory.support.AbstractBeanFactory.getBean(AbstractBeanFactory.java:202) ~[spring-beans-6.2.7.jar:6.2.7]
	at org.springframework.beans.factory.support.DefaultListableBeanFactory.instantiateSingleton(DefaultListableBeanFactory.java:1222) ~[spring-beans-6.2.7.jar:6.2.7]
	at org.springframework.beans.factory.support.DefaultListableBeanFactory.preInstantiateSingleton(DefaultListableBeanFactory.java:1188) ~[spring-beans-6.2.7.jar:6.2.7]
	at org.springframework.beans.factory.support.DefaultListableBeanFactory.preInstantiateSingletons(DefaultListableBeanFactory.java:1123) ~[spring-beans-6.2.7.jar:6.2.7]
	at org.springframework.context.support.AbstractApplicationContext.finishBeanFactoryInitialization(AbstractApplicationContext.java:987) ~[spring-context-6.2.7.jar:6.2.7]
	at org.springframework.context.support.AbstractApplicationContext.refresh(AbstractApplicationContext.java:627) ~[spring-context-6.2.7.jar:6.2.7]
	at org.springframework.boot.web.servlet.context.ServletWebServerApplicationContext.refresh(ServletWebServerApplicationContext.java:146) ~[spring-boot-3.5.0.jar:3.5.0]
	at org.springframework.boot.SpringApplication.refresh(SpringApplication.java:753) [spring-boot-3.5.0.jar:3.5.0]
	at org.springframework.boot.SpringApplication.refreshContext(SpringApplication.java:439) [spring-boot-3.5.0.jar:3.5.0]
	at org.springframework.boot.SpringApplication.run(SpringApplication.java:318) [spring-boot-3.5.0.jar:3.5.0]
	at org.springframework.boot.SpringApplication.run(SpringApplication.java:1362) [spring-boot-3.5.0.jar:3.5.0]
	at org.springframework.boot.SpringApplication.run(SpringApplication.java:1351) [spring-boot-3.5.0.jar:3.5.0]
	at com.ez.crm.CrmMt5Application.main(CrmMt5Application.java:11) [classes/:?]
Caused by: org.springframework.beans.BeanInstantiationException: Failed to instantiate [org.springdoc.core.models.GroupedOpenApi]: Factory method 'userApi' threw exception with message: Group name can not be null or empty
	at org.springframework.beans.factory.support.SimpleInstantiationStrategy.lambda$instantiate$0(SimpleInstantiationStrategy.java:199) ~[spring-beans-6.2.7.jar:6.2.7]
	at org.springframework.beans.factory.support.SimpleInstantiationStrategy.instantiateWithFactoryMethod(SimpleInstantiationStrategy.java:88) ~[spring-beans-6.2.7.jar:6.2.7]
	at org.springframework.beans.factory.support.SimpleInstantiationStrategy.instantiate(SimpleInstantiationStrategy.java:168) ~[spring-beans-6.2.7.jar:6.2.7]
	at org.springframework.beans.factory.support.ConstructorResolver.instantiate(ConstructorResolver.java:653) ~[spring-beans-6.2.7.jar:6.2.7]
	... 21 more
Caused by: java.lang.IllegalArgumentException: Group name can not be null or empty
	at org.springframework.util.Assert.isTrue(Assert.java:116) ~[spring-core-6.2.7.jar:6.2.7]
	at org.springdoc.core.models.GroupedOpenApi.<init>(GroupedOpenApi.java:121) ~[springdoc-openapi-starter-common-2.3.0.jar:2.3.0]
	at org.springdoc.core.models.GroupedOpenApi$Builder.build(GroupedOpenApi.java:542) ~[springdoc-openapi-starter-common-2.3.0.jar:2.3.0]
	at com.ez.crm.config.SwaggerConfig.userApi(SwaggerConfig.java:27) ~[classes/:?]
	at com.ez.crm.config.SwaggerConfig$$SpringCGLIB$$0.CGLIB$userApi$1(<generated>) ~[classes/:?]
	at com.ez.crm.config.SwaggerConfig$$SpringCGLIB$$FastClass$$1.invoke(<generated>) ~[classes/:?]
	at org.springframework.cglib.proxy.MethodProxy.invokeSuper(MethodProxy.java:258) ~[spring-core-6.2.7.jar:6.2.7]
	at org.springframework.context.annotation.ConfigurationClassEnhancer$BeanMethodInterceptor.intercept(ConfigurationClassEnhancer.java:393) ~[spring-context-6.2.7.jar:6.2.7]
	at com.ez.crm.config.SwaggerConfig$$SpringCGLIB$$0.userApi(<generated>) ~[classes/:?]
	at java.base/jdk.internal.reflect.DirectMethodHandleAccessor.invoke(DirectMethodHandleAccessor.java:103) ~[?:?]
	at java.base/java.lang.reflect.Method.invoke(Method.java:580) ~[?:?]
	at org.springframework.beans.factory.support.SimpleInstantiationStrategy.lambda$instantiate$0(SimpleInstantiationStrategy.java:171) ~[spring-beans-6.2.7.jar:6.2.7]
	at org.springframework.beans.factory.support.SimpleInstantiationStrategy.instantiateWithFactoryMethod(SimpleInstantiationStrategy.java:88) ~[spring-beans-6.2.7.jar:6.2.7]
	at org.springframework.beans.factory.support.SimpleInstantiationStrategy.instantiate(SimpleInstantiationStrategy.java:168) ~[spring-beans-6.2.7.jar:6.2.7]
	at org.springframework.beans.factory.support.ConstructorResolver.instantiate(ConstructorResolver.java:653) ~[spring-beans-6.2.7.jar:6.2.7]
	... 21 more
[2025-06-04 11:10:19.982] INFO  [main] o.a.c.h.Http11NioProtocol - Initializing ProtocolHandler ["http-nio-8080"]
[2025-06-04 11:10:19.983] INFO  [main] o.a.c.c.StandardService - Starting service [Tomcat]
[2025-06-04 11:10:19.983] INFO  [main] o.a.c.c.StandardEngine - Starting Servlet engine: [Apache Tomcat/10.1.41]
[2025-06-04 11:10:20.008] INFO  [main] o.a.c.c.C.[.[.[/] - Initializing Spring embedded WebApplicationContext
[2025-06-04 11:10:20.101] INFO  [main] o.h.j.i.u.LogHelper - HHH000204: Processing PersistenceUnitInfo [name: default]
[2025-06-04 11:10:20.130] INFO  [main] o.h.Version - HHH000412: Hibernate ORM core version 6.6.15.Final
[2025-06-04 11:10:20.146] INFO  [main] o.h.c.i.RegionFactoryInitiator - HHH000026: Second-level cache disabled
[2025-06-04 11:10:20.300] INFO  [main] c.z.h.HikariDataSource - HikariPool-1 - Starting...
[2025-06-04 11:10:20.392] INFO  [main] c.z.h.p.HikariPool - HikariPool-1 - Added connection com.mysql.cj.jdbc.ConnectionImpl@5c25daad
[2025-06-04 11:10:20.393] INFO  [main] c.z.h.HikariDataSource - HikariPool-1 - Start completed.
[2025-06-04 11:10:20.418] WARN  [main] o.h.o.deprecation - HHH90000025: MySQL8Dialect does not need to be specified explicitly using 'hibernate.dialect' (remove the property setting and it will be selected by default)
[2025-06-04 11:10:20.418] WARN  [main] o.h.o.deprecation - HHH90000026: MySQL8Dialect has been deprecated; use org.hibernate.dialect.MySQLDialect instead
[2025-06-04 11:10:20.428] INFO  [main] o.h.o.c.pooling - HHH10001005: Database info:
	Database JDBC URL [Connecting through datasource 'HikariDataSource (HikariPool-1)']
	Database driver: undefined/unknown
	Database version: 8.0
	Autocommit mode: undefined/unknown
	Isolation level: undefined/unknown
	Minimum pool size: undefined/unknown
	Maximum pool size: undefined/unknown
[2025-06-04 11:10:20.811] INFO  [main] o.h.e.t.j.p.i.JtaPlatformInitiator - HHH000489: No JTA platform available (set 'hibernate.transaction.jta.platform' to enable JTA platform integration)
[2025-06-04 11:10:20.899] WARN  [main] o.s.b.a.o.j.JpaBaseConfiguration$JpaWebConfiguration - spring.jpa.open-in-view is enabled by default. Therefore, database queries may be performed during view rendering. Explicitly configure spring.jpa.open-in-view to disable this warning
[2025-06-04 11:10:21.239] INFO  [main] o.a.c.h.Http11NioProtocol - Starting ProtocolHandler ["http-nio-8080"]
[2025-06-04 11:10:27.072] INFO  [http-nio-8080-exec-1] o.a.c.c.C.[.[.[/] - Initializing Spring DispatcherServlet 'dispatcherServlet'
[2025-06-04 11:12:03.319] INFO  [SpringApplicationShutdownHook] c.z.h.HikariDataSource - HikariPool-1 - Shutdown initiated...
[2025-06-04 11:12:03.325] INFO  [SpringApplicationShutdownHook] c.z.h.HikariDataSource - HikariPool-1 - Shutdown completed.
[2025-06-04 11:12:10.514] INFO  [main] o.a.c.h.Http11NioProtocol - Initializing ProtocolHandler ["http-nio-8080"]
[2025-06-04 11:12:10.515] INFO  [main] o.a.c.c.StandardService - Starting service [Tomcat]
[2025-06-04 11:12:10.515] INFO  [main] o.a.c.c.StandardEngine - Starting Servlet engine: [Apache Tomcat/10.1.41]
[2025-06-04 11:12:10.540] INFO  [main] o.a.c.c.C.[.[.[/] - Initializing Spring embedded WebApplicationContext
[2025-06-04 11:12:10.639] INFO  [main] o.h.j.i.u.LogHelper - HHH000204: Processing PersistenceUnitInfo [name: default]
[2025-06-04 11:12:10.666] INFO  [main] o.h.Version - HHH000412: Hibernate ORM core version 6.6.15.Final
[2025-06-04 11:12:10.681] INFO  [main] o.h.c.i.RegionFactoryInitiator - HHH000026: Second-level cache disabled
[2025-06-04 11:12:10.824] INFO  [main] c.z.h.HikariDataSource - HikariPool-1 - Starting...
[2025-06-04 11:12:10.910] INFO  [main] c.z.h.p.HikariPool - HikariPool-1 - Added connection com.mysql.cj.jdbc.ConnectionImpl@71f29d91
[2025-06-04 11:12:10.911] INFO  [main] c.z.h.HikariDataSource - HikariPool-1 - Start completed.
[2025-06-04 11:12:10.939] WARN  [main] o.h.o.deprecation - HHH90000025: MySQL8Dialect does not need to be specified explicitly using 'hibernate.dialect' (remove the property setting and it will be selected by default)
[2025-06-04 11:12:10.940] WARN  [main] o.h.o.deprecation - HHH90000026: MySQL8Dialect has been deprecated; use org.hibernate.dialect.MySQLDialect instead
[2025-06-04 11:12:10.950] INFO  [main] o.h.o.c.pooling - HHH10001005: Database info:
	Database JDBC URL [Connecting through datasource 'HikariDataSource (HikariPool-1)']
	Database driver: undefined/unknown
	Database version: 8.0
	Autocommit mode: undefined/unknown
	Isolation level: undefined/unknown
	Minimum pool size: undefined/unknown
	Maximum pool size: undefined/unknown
[2025-06-04 11:12:11.342] INFO  [main] o.h.e.t.j.p.i.JtaPlatformInitiator - HHH000489: No JTA platform available (set 'hibernate.transaction.jta.platform' to enable JTA platform integration)
[2025-06-04 11:12:11.435] WARN  [main] o.s.b.a.o.j.JpaBaseConfiguration$JpaWebConfiguration - spring.jpa.open-in-view is enabled by default. Therefore, database queries may be performed during view rendering. Explicitly configure spring.jpa.open-in-view to disable this warning
[2025-06-04 11:12:11.775] INFO  [main] o.a.c.h.Http11NioProtocol - Starting ProtocolHandler ["http-nio-8080"]
[2025-06-04 11:12:14.642] INFO  [http-nio-8080-exec-1] o.a.c.c.C.[.[.[/] - Initializing Spring DispatcherServlet 'dispatcherServlet'
[2025-06-04 11:13:25.730] INFO  [SpringApplicationShutdownHook] c.z.h.HikariDataSource - HikariPool-1 - Shutdown initiated...
[2025-06-04 11:13:25.744] INFO  [SpringApplicationShutdownHook] c.z.h.HikariDataSource - HikariPool-1 - Shutdown completed.
